<?xml version="1.0" encoding="UTF-8"?>
<!-- Generated by org.testng.reporters.JUnitReportReporter -->
<testsuite skipped="0" hostname="DESKTOP-UTIESKD" name="test.TodoistTest" tests="1" failures="0" timestamp="09 thg 4 2021 11:04:48 GMT" time="45.720" errors="0">
  <testcase name="testCreateProject" time="45.720" classname="test.TodoistTest"/>
</testsuite> <!-- test.TodoistTest -->
