<?xml version="1.0" encoding="UTF-8"?>
<!-- Generated by org.testng.reporters.JUnitReportReporter -->
<testsuite skipped="0" hostname="DESKTOP-UTIESKD" name="api.TaskApi" tests="1" failures="0" timestamp="09 thg 4 2021 08:48:20 GMT" time="2.227" errors="0">
  <testcase name="getAnTask" time="2.227" classname="api.TaskApi"/>
</testsuite> <!-- api.TaskApi -->
