<?xml version="1.0" encoding="UTF-8"?>
<!-- Generated by org.testng.reporters.JUnitReportReporter -->
<testsuite skipped="0" hostname="DESKTOP-UTIESKD" name="api.ProjectApi" tests="1" failures="0" timestamp="09 thg 4 2021 02:17:46 GMT" time="2.288" errors="0">
  <testcase name="getAllProject" time="2.288" classname="api.ProjectApi"/>
</testsuite> <!-- api.ProjectApi -->
